Using pre-set license
Built from '2020.3/staging' branch; Version is '2020.3.15f1 (5e502cb56e17) revision 6180908'; Using compiler version '192528614'; Build Type 'Release'
OS: 'Windows 10 Pro; OS build 19042.1110; Version 2009; 64bit' Language: 'ru' Physical Memory: 3994 MB
BatchMode: 1, IsHumanControllingUs: 0, StartBugReporterOnCrash: 0, Is64bit: 1, IsPro: 0

 COMMAND LINE ARGUMENTS:
D:\NEED\Unity\2020.3.15f1\Editor\Unity.exe
-adb2
-batchMode
-noUpm
-name
AssetImportWorker1
-projectPath
D:/Учеба/GG/MoBlox/MoBlox
-logFile
Logs/AssetImportWorker1.log
-srvPort
65321
Successfully changed project path to: D:/Учеба/GG/MoBlox/MoBlox
D:/Учеба/GG/MoBlox/MoBlox
Using Asset Import Pipeline V2.
Refreshing native plugins compatible for Editor in 458.49 ms, found 2 plugins.
Preloading 0 native plugins for Editor in 0.00 ms.
Initialize engine version: 2020.3.15f1 (5e502cb56e17)
[Subsystems] Discovering subsystems at path D:/NEED/Unity/2020.3.15f1/Editor/Data/Resources/UnitySubsystems
[Subsystems] Discovering subsystems at path D:/Учеба/GG/MoBlox/MoBlox/Assets
GfxDevice: creating device client; threaded=0
Direct3D:
    Version:  Direct3D 11.0 [level 11.1]
    Renderer: AMD Radeon (TM) R7 M340 (ID=0x6900)
    Vendor:   
    VRAM:     2038 MB
    Driver:   27.20.1034.6
Initialize mono
Mono path[0] = 'D:/NEED/Unity/2020.3.15f1/Editor/Data/Managed'
Mono path[1] = 'D:/NEED/Unity/2020.3.15f1/Editor/Data/MonoBleedingEdge/lib/mono/unityjit'
Mono config path = 'D:/NEED/Unity/2020.3.15f1/Editor/Data/MonoBleedingEdge/etc'
Using monoOptions --debugger-agent=transport=dt_socket,embedding=1,server=y,suspend=n,address=127.0.0.1:56040
Begin MonoManager ReloadAssembly
Registering precompiled unity dll's ...
Register platform support module: D:/NEED/Unity/2020.3.15f1/Editor/Data/PlaybackEngines/WebGLSupport/UnityEditor.WebGL.Extensions.dll
Register platform support module: D:/NEED/Unity/2020.3.15f1/Editor/Data/PlaybackEngines/WindowsStandaloneSupport/UnityEditor.WindowsStandalone.Extensions.dll
Registered in 0.008936 seconds.
Native extension for WindowsStandalone target not found
Native extension for WebGL target not found
Refreshing native plugins compatible for Editor in 75.20 ms, found 2 plugins.
Preloading 0 native plugins for Editor in 0.00 ms.
Mono: successfully reloaded assembly
- Completed reload, in 14.177 seconds
Domain Reload Profiling:
	ReloadAssembly (14177ms)
		BeginReloadAssembly (907ms)
			ExecutionOrderSort (0ms)
			DisableScriptedObjects (0ms)
			BackupInstance (0ms)
			ReleaseScriptingObjects (0ms)
			CreateAndSetChildDomain (3ms)
		EndReloadAssembly (1412ms)
			LoadAssemblies (885ms)
			RebuildTransferFunctionScriptingTraits (0ms)
			SetupTypeCache (694ms)
			ReleaseScriptCaches (0ms)
			RebuildScriptCaches (86ms)
			SetupLoadedEditorAssemblies (459ms)
				LogAssemblyErrors (0ms)
				InitializePlatformSupportModulesInManaged (12ms)
				SetLoadedEditorAssemblies (1ms)
				RefreshPlugins (75ms)
				BeforeProcessingInitializeOnLoad (26ms)
				ProcessInitializeOnLoadAttributes (238ms)
				ProcessInitializeOnLoadMethodAttributes (107ms)
				AfterProcessingInitializeOnLoad (0ms)
				EditorAssembliesLoaded (0ms)
			ExecutionOrderSort2 (0ms)
			AwakeInstancesAfterBackupRestoration (0ms)
Platform modules already initialized, skipping
Registering precompiled user dll's ...
Registered in 0.278521 seconds.
